/home/dingo/Programming/BranchForge/tests/integration/test_visual_to_code_pipeline.cpp:2:10: fatal error: gmock/gmock.h: No such file or directory
    2 | #include <gmock/gmock.h>
      |          ^~~~~~~~~~~~~~~
compilation terminated.
gmake[2]: *** [tests/integration/CMakeFiles/test_visual_to_code_pipeline.dir/build.make:90: tests/integration/CMakeFiles/test_visual_to_code_pipeline.dir/test_visual_to_code_pipeline.cpp.o] Error 1
gmake[1]: *** [CMakeFiles/Makefile2:748: tests/integration/CMakeFiles/test_visual_to_code_pipeline.dir/all] Error 2
gmake[1]: *** Waiting for unfinished jobs....
/home/dingo/Programming/BranchForge/tests/unit/project/test_project_manager.cpp:2:10: fatal error: gmock/gmock.h: No such file or directory
    2 | #include <gmock/gmock.h>
      |          ^~~~~~~~~~~~~~~
compilation terminated.
gmake[2]: *** [tests/unit/CMakeFiles/test_project_manager.dir/build.make:90: tests/unit/CMakeFiles/test_project_manager.dir/project/test_project_manager.cpp.o] Error 1
gmake[1]: *** [CMakeFiles/Makefile2:432: tests/unit/CMakeFiles/test_project_manager.dir/all] Error 2
/home/dingo/Programming/BranchForge/tests/unit/core/test_application.cpp:2:10: fatal error: gmock/gmock.h: No such file or directory
    2 | #include <gmock/gmock.h>
      |          ^~~~~~~~~~~~~~~
compilation terminated.
gmake[2]: *** [tests/unit/CMakeFiles/test_application.dir/build.make:90: tests/unit/CMakeFiles/test_application.dir/core/test_application.cpp.o] Error 1
gmake[1]: *** [CMakeFiles/Makefile2:460: tests/unit/CMakeFiles/test_application.dir/all] Error 2
/home/dingo/Programming/BranchForge/tests/unit/project/test_code_generator.cpp:2:10: fatal error: gmock/gmock.h: No such file or directory
    2 | #include <gmock/gmock.h>
      |          ^~~~~~~~~~~~~~~
compilation terminated.
gmake[2]: *** [tests/unit/CMakeFiles/test_code_generator.dir/build.make:90: tests/unit/CMakeFiles/test_code_generator.dir/project/test_code_generator.cpp.o] Error 1
gmake[1]: *** [CMakeFiles/Makefile2:376: tests/unit/CMakeFiles/test_code_generator.dir/all] Error 2
/home/dingo/Programming/BranchForge/tests/unit/project/test_bt_serializer.cpp:2:10: fatal error: gmock/gmock.h: No such file or directory
    2 | #include <gmock/gmock.h>
      |          ^~~~~~~~~~~~~~~
compilation terminated.
gmake[2]: *** [tests/unit/CMakeFiles/test_bt_serializer.dir/build.make:90: tests/unit/CMakeFiles/test_bt_serializer.dir/project/test_bt_serializer.cpp.o] Error 1
gmake[1]: *** [CMakeFiles/Makefile2:404: tests/unit/CMakeFiles/test_bt_serializer.dir/all] Error 2
gmake: *** [Makefile:146: all] Error 2
