[0.009s] Invoking command in '/home/dingo/Programming/BranchForge/build/branchforge': DEBUGINFOD_URLS=https://debuginfod.ubuntu.com /usr/bin/cmake --build /home/dingo/Programming/BranchForge/build/branchforge -- -j12 -l12
[0.140s] -- Configuring done (0.1s)
[0.181s] -- Generating done (0.0s)
[0.188s] -- Build files have been written to: /home/dingo/Programming/BranchForge/build/branchforge
[0.223s] [  0%] Built target branchforge_test_lib_autogen_timestamp_deps
[0.223s] [  1%] Built target branchforge_enhanced_qmlimportscan
[0.240s] [  1%] Built target branchforge_enhanced_autogen_timestamp_deps
[0.244s] [  3%] Automatic MOC and UIC for target branchforge_test_lib
[0.267s] [  3%] Built target branchforge_test_lib_autogen
[0.319s] [ 27%] Built target branchforge_test_lib
[0.345s] [ 27%] Built target test_code_generator_autogen_timestamp_deps
[0.349s] [ 27%] Built target test_application_autogen_timestamp_deps
[0.350s] [ 27%] Built target test_bt_serializer_autogen_timestamp_deps
[0.351s] [ 27%] Built target test_project_manager_autogen_timestamp_deps
[0.351s] [ 27%] Built target test_visual_to_code_pipeline_autogen_timestamp_deps
[0.360s] [ 27%] Built target test_behavior_tree_xml_autogen_timestamp_deps
[0.361s] [ 29%] Automatic MOC and UIC for target branchforge_enhanced
[0.370s] [ 31%] Automatic MOC and UIC for target test_application
[0.378s] [ 34%] Automatic MOC and UIC for target test_code_generator
[0.378s] [ 34%] Automatic MOC and UIC for target test_project_manager
[0.382s] [ 36%] Automatic MOC and UIC for target test_behavior_tree_xml
[0.383s] [ 39%] Built target test_visual_to_code_pipeline_autogen
[0.383s] [ 39%] Automatic MOC and UIC for target test_bt_serializer
[0.391s] [ 39%] Built target branchforge_enhanced_autogen
[0.408s] [ 41%] Building CXX object tests/integration/CMakeFiles/test_visual_to_code_pipeline.dir/test_visual_to_code_pipeline_autogen/mocs_compilation.cpp.o
[0.409s] [ 43%] Building CXX object tests/integration/CMakeFiles/test_visual_to_code_pipeline.dir/test_visual_to_code_pipeline.cpp.o
[0.411s] [ 43%] Built target test_application_autogen
[0.413s] [ 43%] Built target test_behavior_tree_xml_autogen
[0.425s] [ 43%] Built target test_project_manager_autogen
[0.436s] [ 43%] Built target test_code_generator_autogen
[0.436s] [ 43%] Built target test_bt_serializer_autogen
[0.443s] [ 44%] Building CXX object tests/unit/CMakeFiles/test_application.dir/test_application_autogen/mocs_compilation.cpp.o
[0.443s] [ 46%] Building CXX object tests/unit/CMakeFiles/test_application.dir/core/test_application.cpp.o
[0.449s] [ 48%] Building CXX object tests/unit/CMakeFiles/test_behavior_tree_xml.dir/project/test_behavior_tree_xml.cpp.o
[0.456s] [ 77%] Built target branchforge_enhanced
[0.458s] [ 82%] Building CXX object tests/unit/CMakeFiles/test_bt_serializer.dir/project/test_bt_serializer.cpp.o
[0.458s] [ 82%] Building CXX object tests/unit/CMakeFiles/test_project_manager.dir/project/test_project_manager.cpp.o
[0.458s] [ 82%] Building CXX object tests/unit/CMakeFiles/test_bt_serializer.dir/test_bt_serializer_autogen/mocs_compilation.cpp.o
[0.459s] [ 84%] Building CXX object tests/unit/CMakeFiles/test_project_manager.dir/test_project_manager_autogen/mocs_compilation.cpp.o
[0.459s] [ 86%] Building CXX object tests/unit/CMakeFiles/test_code_generator.dir/test_code_generator_autogen/mocs_compilation.cpp.o
[0.463s] [ 87%] Building CXX object tests/unit/CMakeFiles/test_code_generator.dir/project/test_code_generator.cpp.o
[0.551s] /home/dingo/Programming/BranchForge/tests/integration/test_visual_to_code_pipeline.cpp:2:10: fatal error: gmock/gmock.h: No such file or directory
[0.551s]     2 | #include <gmock/gmock.h>
[0.551s]       |          ^~~~~~~~~~~~~~~
[0.551s] compilation terminated.
[0.553s] gmake[2]: *** [tests/integration/CMakeFiles/test_visual_to_code_pipeline.dir/build.make:90: tests/integration/CMakeFiles/test_visual_to_code_pipeline.dir/test_visual_to_code_pipeline.cpp.o] Error 1
[0.553s] gmake[1]: *** [CMakeFiles/Makefile2:748: tests/integration/CMakeFiles/test_visual_to_code_pipeline.dir/all] Error 2
[0.554s] gmake[1]: *** Waiting for unfinished jobs....
[0.561s] /home/dingo/Programming/BranchForge/tests/unit/project/test_project_manager.cpp:2:10: fatal error: gmock/gmock.h: No such file or directory
[0.562s]     2 | #include <gmock/gmock.h>
[0.562s]       |          ^~~~~~~~~~~~~~~
[0.562s] compilation terminated.
[0.563s] gmake[2]: *** [tests/unit/CMakeFiles/test_project_manager.dir/build.make:90: tests/unit/CMakeFiles/test_project_manager.dir/project/test_project_manager.cpp.o] Error 1
[0.563s] gmake[1]: *** [CMakeFiles/Makefile2:432: tests/unit/CMakeFiles/test_project_manager.dir/all] Error 2
[0.567s] /home/dingo/Programming/BranchForge/tests/unit/core/test_application.cpp:2:10: fatal error: gmock/gmock.h: No such file or directory
[0.567s]     2 | #include <gmock/gmock.h>
[0.567s]       |          ^~~~~~~~~~~~~~~
[0.567s] compilation terminated.
[0.570s] gmake[2]: *** [tests/unit/CMakeFiles/test_application.dir/build.make:90: tests/unit/CMakeFiles/test_application.dir/core/test_application.cpp.o] Error 1
[0.570s] gmake[1]: *** [CMakeFiles/Makefile2:460: tests/unit/CMakeFiles/test_application.dir/all] Error 2
[0.577s] /home/dingo/Programming/BranchForge/tests/unit/project/test_code_generator.cpp:2:10: fatal error: gmock/gmock.h: No such file or directory
[0.577s]     2 | #include <gmock/gmock.h>
[0.577s]       |          ^~~~~~~~~~~~~~~
[0.577s] compilation terminated.
[0.579s] gmake[2]: *** [tests/unit/CMakeFiles/test_code_generator.dir/build.make:90: tests/unit/CMakeFiles/test_code_generator.dir/project/test_code_generator.cpp.o] Error 1
[0.580s] gmake[1]: *** [CMakeFiles/Makefile2:376: tests/unit/CMakeFiles/test_code_generator.dir/all] Error 2
[0.583s] /home/dingo/Programming/BranchForge/tests/unit/project/test_bt_serializer.cpp:2:10: fatal error: gmock/gmock.h: No such file or directory
[0.583s]     2 | #include <gmock/gmock.h>
[0.583s]       |          ^~~~~~~~~~~~~~~
[0.583s] compilation terminated.
[0.585s] gmake[2]: *** [tests/unit/CMakeFiles/test_bt_serializer.dir/build.make:90: tests/unit/CMakeFiles/test_bt_serializer.dir/project/test_bt_serializer.cpp.o] Error 1
[0.585s] gmake[1]: *** [CMakeFiles/Makefile2:404: tests/unit/CMakeFiles/test_bt_serializer.dir/all] Error 2
[2.861s] [ 89%] Linking CXX executable test_behavior_tree_xml
[3.056s] [ 91%] Built target test_behavior_tree_xml
[3.057s] gmake: *** [Makefile:146: all] Error 2
[3.059s] Invoked command in '/home/dingo/Programming/BranchForge/build/branchforge' returned '2': DEBUGINFOD_URLS=https://debuginfod.ubuntu.com /usr/bin/cmake --build /home/dingo/Programming/BranchForge/build/branchforge -- -j12 -l12
