[0.000000] (-) TimerEvent: {}
[0.000063] (branchforge) JobQueued: {'identifier': 'branchforge', 'dependencies': OrderedDict({'branchforge': '/home/dingo/Programming/BranchForge/install/branchforge'})}
[0.001589] (branchforge) JobStarted: {'identifier': 'branchforge'}
[0.099849] (-) TimerEvent: {}
[0.153421] (branchforge) StderrLine: {'line': b'Traceback (most recent call last):\n  File "/usr/lib/python3/dist-packages/colcon_core/executor/__init__.py", line 91, in __call__\n    rc = await self.task(*args, **kwargs)\n         ^^^^^^^^^^^^^^^^^^^^^^^^^^^^^^^^\n  File "/usr/lib/python3/dist-packages/colcon_core/task/__init__.py", line 93, in __call__\n    return await task_method(*args, **kwargs)\n           ^^^^^^^^^^^^^^^^^^^^^^^^^^^^^^^^^^\n  File "/usr/lib/python3/dist-packages/colcon_ros/task/ament_cmake/test.py", line 29, in test\n    return await extension.test()\n           ^^^^^^^^^^^^^^^^^^^^^^\n  File "/usr/lib/python3/dist-packages/colcon_cmake/task/cmake/test.py", line 58, in test\n    output = await check_output(\n             ^^^^^^^^^^^^^^^^^^^\n  File "/usr/lib/python3/dist-packages/colcon_core/subprocess.py", line 129, in check_output\n    assert not rc, f\'Expected {args} to pass: {stderr_data}\'\n           ^^^^^^\nAssertionError: Expected [\'/home/dingo/.local/bin/ctest\', \'--show-only\'] to pass: Traceback (most recent call last):\n  File "/home/dingo/.local/bin/ctest", line 5, in <module>\n    from cmake import ctest\nModuleNotFoundError: No module named \'cmake\'\n\n'}
[0.154217] (branchforge) JobEnded: {'identifier': 'branchforge', 'rc': 1}
[0.164925] (-) EventReactorShutdown: {}
